<?xml version="1.0" encoding="UTF-8"?>
<testsuite name="starter.ChoucarTestSuite" tests="0" skipped="0" failures="0" errors="0" timestamp="1970-01-01T00:00:00" hostname="DESKTOP-8U56VT8" time="0.0">
  <properties/>
  <system-out><![CDATA[15:07:23.502 [Test worker] INFO   - 

-------------------------------------------------------------------------------------
     _______. _______ .______       _______ .__   __.  __  .___________.____    ____ 
    /       ||   ____||   _  \     |   ____||  \ |  | |  | |           |\   \  /   / 
   |   (----`|  |__   |  |_)  |    |  |__   |   \|  | |  | `---|  |----` \   \/   /  
    \   \    |   __|  |      /     |   __|  |  . `  | |  |     |  |       \_    _/   
.----)   |   |  |____ |  |\  \----.|  |____ |  |\   | |  |     |  |         |  |     
|_______/    |_______|| _| `._____||_______||__| \__| |__|     |__|         |__|    
                                                                                     
 News and tutorials at http://www.serenity-bdd.info                                  
 Documentation at https://wakaleo.gitbooks.io/the-serenity-book/content/             
 Join the Serenity Community on Gitter: https://gitter.im/serenity-bdd/serenity-core 
 Serenity BDD Support and Training at http://serenity-bdd.info/#/trainingandsupport  
 Learn Serenity BDD online at https://www.serenitydojo.net                           
-------------------------------------------------------------------------------------

15:07:23.526 [Test worker] INFO   - Test Suite Started: Search choucar job and verify title
15:07:48.108 [Test worker] ERROR  - 
           __  _____ _____ ____ _____   _____ _    ___ _     _____ ____  
  _       / / |_   _| ____/ ___|_   _| |  ___/ \  |_ _| |   | ____|  _ \ 
 (_)_____| |    | | |  _| \___ \ | |   | |_ / _ \  | || |   |  _| | | | |
  _|_____| |    | | | |___ ___) || |   |  _/ ___ \ | || |___| |___| |_| |
 (_)     | |    |_| |_____|____/ |_|   |_|/_/   \_\___|_____|_____|____/ 
          \_\                                                            

Searching for a term
--------------------------------------------------------------------------
15:07:48.460 [Test worker] ERROR  -     Test failed at step: Verify title
15:07:48.460 [Test worker] ERROR  -     
]]></system-out>
  <system-err><![CDATA[nov 23, 2020 3:07:23 PM cucumber.runtime.java.ObjectFactoryLoader loadSingleObjectFactory
ADVERTENCIA: Loading deprecated ObjectFactory from runtime via reflection: cucumber.runtime.SerenityObjectFactory
]]></system-err>
</testsuite>
