<?xml version="1.0" encoding="UTF-8"?>
<testsuite name="Search choucar job and verify title" tests="1" skipped="0" failures="1" errors="0" timestamp="2020-11-24T07:25:37" hostname="DESKTOP-8U56VT8" time="12.388">
  <properties/>
  <testcase name="Option second for entry choucar job" classname="Search choucar job and verify title" time="12.388">
    <failure message="org.junit.ComparisonFailure: expected:&lt;[wdwd]&gt; but was:&lt;[Bogota]&gt;" type="org.junit.ComparisonFailure">org.junit.ComparisonFailure: expected:&lt;[wdwd]&gt; but was:&lt;[Bogota]&gt;
	at org.junit.Assert.assertEquals(Assert.java:115)
	at org.junit.Assert.assertEquals(Assert.java:144)
	at starter.secondoptions.ActionsSecondHomePage.be_gps(ActionsSecondHomePage.java:35)
	at starter.secondoptions.TwoHomePage.sen_place(TwoHomePage.java:18)
	at starter.secondoptions.TwoHomePage$ByteBuddy$DoJ5TAkk.sen_place$accessor$g3e1ViLE(Unknown Source)
	at sun.reflect.NativeMethodAccessorImpl.invoke0(Native Method)
	at sun.reflect.NativeMethodAccessorImpl.invoke(NativeMethodAccessorImpl.java:62)
	at sun.reflect.DelegatingMethodAccessorImpl.invoke(DelegatingMethodAccessorImpl.java:43)
	at java.lang.reflect.Method.invoke(Method.java:498)
	at net.thucydides.core.steps.StepInterceptor.invokeMethod(StepInterceptor.java:488)
	at net.thucydides.core.steps.StepInterceptor.executeTestStepMethod(StepInterceptor.java:468)
	at net.thucydides.core.steps.StepInterceptor.runTestStep(StepInterceptor.java:441)
	at net.thucydides.core.steps.StepInterceptor.runOrSkipMethod(StepInterceptor.java:197)
	at net.thucydides.core.steps.StepInterceptor.testStepResult(StepInterceptor.java:184)
	at net.thucydides.core.steps.StepInterceptor.intercept(StepInterceptor.java:77)
	at starter.secondoptions.TwoHomePage$ByteBuddy$DoJ5TAkk.sen_place(Unknown Source)
	at starter.stepdefinitions.SecondOptionChoucarJob.userSendsPlace(SecondOptionChoucarJob.java:27)
	at ✽.user sends place(file:src/test/resources/features/search/ChoucarTes.feature:13)
</failure>
  </testcase>
  <system-out><![CDATA[Feature: Search choucar job and verify title

  @suite2
  Scenario: Option second for entry choucar job ?[90m# src/test/resources/features/search/ChoucarTes.feature:10?[0m
02:25:37.434 [Test worker] INFO   - 
 _____ _____ ____ _____   ____ _____  _    ____ _____ _____ ____  
|_   _| ____/ ___|_   _| / ___|_   _|/ \  |  _ \_   _| ____|  _ \ 
  | | |  _| \___ \ | |   \___ \ | | / _ \ | |_) || | |  _| | | | |
  | | | |___ ___) || |    ___) || |/ ___ \|  _ < | | | |___| |_| |
  |_| |_____|____/ |_|   |____/ |_/_/   \_\_| \_\|_| |_____|____/ 

Option second for entry choucar job(search-choucar-job-and-verify-title;option-second-for-entry-choucar-job)
-------------------------------------------------------------------
02:25:38.414 [Test worker] INFO  n.s.c.w.d.ProvideNewDriver - Instantiating driver
02:25:38.414 [Test worker] INFO  n.s.c.w.d.ProvideNewDriver - Driver capabilities: Capabilities {acceptInsecureCerts: false, browserName: chrome, chrome.switches: --start-maximized;--test-ty..., goog:chromeOptions: {args: [--start-maximized, --test-type, --no-sandbox, --ignore-certificate-errors..., --disable-popup-blocking, --disable-default-apps, --disable-extensions-file-a..., --incognito, --disable-infobars, --disable-gpu], extensions: []}, loggingPrefs: org.openqa.selenium.logging..., platform: ANY, version: }
    ?[32mGiven ?[0m?[32mUser entry home page?[0m                  ?[90m# SecondOptionChoucarJob.user_entry_home_page()?[0m
    ?[32mWhen ?[0m?[32muser entry to job second method?[0m        ?[90m# SecondOptionChoucarJob.user_entry_to_job_second_method()?[0m
el  es : Bogota
    ?[31mThen ?[0m?[31muser sends place?[0m                       ?[90m# SecondOptionChoucarJob.userSendsPlace()?[0m
      ?[31morg.junit.ComparisonFailure: expected:<[wdwd]> but was:<[Bogota]>
	at org.junit.Assert.assertEquals(Assert.java:115)
	at org.junit.Assert.assertEquals(Assert.java:144)
	at starter.secondoptions.ActionsSecondHomePage.be_gps(ActionsSecondHomePage.java:35)
	at starter.secondoptions.TwoHomePage.sen_place(TwoHomePage.java:18)
	at starter.secondoptions.TwoHomePage$ByteBuddy$DoJ5TAkk.sen_place$accessor$g3e1ViLE(Unknown Source)
	at sun.reflect.NativeMethodAccessorImpl.invoke0(Native Method)
	at sun.reflect.NativeMethodAccessorImpl.invoke(NativeMethodAccessorImpl.java:62)
	at sun.reflect.DelegatingMethodAccessorImpl.invoke(DelegatingMethodAccessorImpl.java:43)
	at java.lang.reflect.Method.invoke(Method.java:498)
	at net.thucydides.core.steps.StepInterceptor.invokeMethod(StepInterceptor.java:488)
	at net.thucydides.core.steps.StepInterceptor.executeTestStepMethod(StepInterceptor.java:468)
	at net.thucydides.core.steps.StepInterceptor.runTestStep(StepInterceptor.java:441)
	at net.thucydides.core.steps.StepInterceptor.runOrSkipMethod(StepInterceptor.java:197)
	at net.thucydides.core.steps.StepInterceptor.testStepResult(StepInterceptor.java:184)
	at net.thucydides.core.steps.StepInterceptor.intercept(StepInterceptor.java:77)
	at starter.secondoptions.TwoHomePage$ByteBuddy$DoJ5TAkk.sen_place(Unknown Source)
	at starter.stepdefinitions.SecondOptionChoucarJob.userSendsPlace(SecondOptionChoucarJob.java:27)
	at ?.user sends place(file:src/test/resources/features/search/ChoucarTes.feature:13)
?[0m
]]></system-out>
  <system-err><![CDATA[nov 24, 2020 2:25:37 AM org.openqa.selenium.remote.DesiredCapabilities chrome
INFORMACIÓN: Using `new ChromeOptions()` is preferred to `DesiredCapabilities.chrome()`
Starting ChromeDriver 86.0.4240.22 (398b0743353ff36fb1b82468f63a3a93b4e2e89e-refs/branch-heads/4240@{#378}) on port 30660
Only local connections are allowed.
Please see https://chromedriver.chromium.org/security-considerations for suggestions on keeping ChromeDriver safe.
ChromeDriver was started successfully.
[1606202740.084][WARNING]: This version of ChromeDriver has not been tested with Chrome version 87.
nov 24, 2020 2:25:42 AM org.openqa.selenium.remote.ProtocolHandshake createSession
INFORMACIÓN: Detected dialect: W3C
]]></system-err>
</testsuite>
