<?xml version="1.0" encoding="UTF-8"?>
<testsuite name="Search choucar job and verify title" tests="2" skipped="0" failures="0" errors="0" timestamp="2020-11-24T11:31:29" hostname="DESKTOP-8U56VT8" time="37.571">
  <properties/>
  <testcase name="Searching for a term" classname="Search choucar job and verify title" time="26.141"/>
  <testcase name="Option second for entry choucar job" classname="Search choucar job and verify title" time="10.717"/>
  <system-out><![CDATA[Feature: Search choucar job and verify title

  @suite1
  Scenario: Searching for a term   ?[90m# src/test/resources/features/search/ChoucarTes.feature:4?[0m
06:31:29.193 [Test worker] INFO   - 
 _____ _____ ____ _____   ____ _____  _    ____ _____ _____ ____  
|_   _| ____/ ___|_   _| / ___|_   _|/ \  |  _ \_   _| ____|  _ \ 
  | | |  _| \___ \ | |   \___ \ | | / _ \ | |_) || | |  _| | | | |
  | | | |___ ___) || |    ___) || |/ ___ \|  _ < | | | |___| |_| |
  |_| |_____|____/ |_|   |____/ |_/_/   \_\_| \_\|_| |_____|____/ 

Searching for a term(search-choucar-job-and-verify-title;searching-for-a-term)
-------------------------------------------------------------------
06:31:30.208 [Test worker] INFO  n.s.c.w.d.ProvideNewDriver - Instantiating driver
06:31:30.209 [Test worker] INFO  n.s.c.w.d.ProvideNewDriver - Driver capabilities: Capabilities {acceptInsecureCerts: false, browserName: chrome, chrome.switches: --start-maximized;--test-ty..., goog:chromeOptions: {args: [--start-maximized, --test-type, --no-sandbox, --ignore-certificate-errors..., --disable-popup-blocking, --disable-default-apps, --disable-extensions-file-a..., --incognito, --disable-infobars, --disable-gpu], extensions: []}, loggingPrefs: org.openqa.selenium.logging..., platform: ANY, version: }
    ?[32mGiven ?[0m?[32mUser is on  home page?[0m    ?[90m# Gotochoucarjob.user_is_on_home_page()?[0m
    ?[32mWhen ?[0m?[32muser entry to job first?[0m   ?[90m# Gotochoucarjob.userEntryToJobFirst()?[0m
el titulo es : empleos testing – Choucair Testing
    ?[32mThen ?[0m?[32muser verify all and title?[0m ?[90m# Gotochoucarjob.user_verify_all_and_title()?[0m

  @suite2
  Scenario: Option second for entry choucar job ?[90m# src/test/resources/features/search/ChoucarTes.feature:10?[0m
06:31:56.032 [Test worker] INFO   - 
 _____ _____ ____ _____   ____ _____  _    ____ _____ _____ ____  
|_   _| ____/ ___|_   _| / ___|_   _|/ \  |  _ \_   _| ____|  _ \ 
  | | |  _| \___ \ | |   \___ \ | | / _ \ | |_) || | |  _| | | | |
  | | | |___ ___) || |    ___) || |/ ___ \|  _ < | | | |___| |_| |
  |_| |_____|____/ |_|   |____/ |_/_/   \_\_| \_\|_| |_____|____/ 

Option second for entry choucar job(search-choucar-job-and-verify-title;option-second-for-entry-choucar-job)
-------------------------------------------------------------------
06:31:56.283 [Test worker] INFO  n.s.c.w.d.ProvideNewDriver - Instantiating driver
06:31:56.283 [Test worker] INFO  n.s.c.w.d.ProvideNewDriver - Driver capabilities: Capabilities {acceptInsecureCerts: false, browserName: chrome, chrome.switches: --start-maximized;--test-ty..., goog:chromeOptions: {args: [--start-maximized, --test-type, --no-sandbox, --ignore-certificate-errors..., --disable-popup-blocking, --disable-default-apps, --disable-extensions-file-a..., --incognito, --disable-infobars, --disable-gpu], extensions: []}, loggingPrefs: org.openqa.selenium.logging..., platform: ANY, version: }
    ?[32mGiven ?[0m?[32mUser entry home page?[0m                  ?[90m# SecondOptionChoucarJob.user_entry_home_page()?[0m
el  es : Analista de Pruebas Bogota
    ?[32mWhen ?[0m?[32muser entry to job second method?[0m        ?[90m# SecondOptionChoucarJob.user_entry_to_job_second_method()?[0m
el  es : Bogota
    ?[32mThen ?[0m?[32muser sends place?[0m                       ?[90m# SecondOptionChoucarJob.userSendsPlace()?[0m
]]></system-out>
  <system-err><![CDATA[nov 24, 2020 6:31:29 AM org.openqa.selenium.remote.DesiredCapabilities chrome
INFORMACIÓN: Using `new ChromeOptions()` is preferred to `DesiredCapabilities.chrome()`
Starting ChromeDriver 86.0.4240.22 (398b0743353ff36fb1b82468f63a3a93b4e2e89e-refs/branch-heads/4240@{#378}) on port 22531
Only local connections are allowed.
Please see https://chromedriver.chromium.org/security-considerations for suggestions on keeping ChromeDriver safe.
ChromeDriver was started successfully.
[1606217491.877][WARNING]: This version of ChromeDriver has not been tested with Chrome version 87.
nov 24, 2020 6:31:33 AM org.openqa.selenium.remote.ProtocolHandshake createSession
INFORMACIÓN: Detected dialect: W3C
nov 24, 2020 6:31:56 AM org.openqa.selenium.remote.DesiredCapabilities chrome
INFORMACIÓN: Using `new ChromeOptions()` is preferred to `DesiredCapabilities.chrome()`
Starting ChromeDriver 86.0.4240.22 (398b0743353ff36fb1b82468f63a3a93b4e2e89e-refs/branch-heads/4240@{#378}) on port 1395
Only local connections are allowed.
Please see https://chromedriver.chromium.org/security-considerations for suggestions on keeping ChromeDriver safe.
ChromeDriver was started successfully.
[1606217517.398][WARNING]: This version of ChromeDriver has not been tested with Chrome version 87.
nov 24, 2020 6:31:59 AM org.openqa.selenium.remote.ProtocolHandshake createSession
INFORMACIÓN: Detected dialect: W3C
]]></system-err>
</testsuite>
